{"name": "Проверка отображения заказа из истории заказов, в ленте заказов", "status": "broken", "statusDetails": {"message": "selenium.common.exceptions.TimeoutException: Message: \nStacktrace:\n\tGetHandleVerifier [0x00007FF72F0CCF25+75717]\n\tGetHandleVerifier [0x00007FF72F0CCF80+75808]\n\t(No symbol) [0x00007FF72EE98F9A]\n\t(No symbol) [0x00007FF72EEEF4C6]\n\t(No symbol) [0x00007FF72EEEF77C]\n\t(No symbol) [0x00007FF72EF42577]\n\t(No symbol) [0x00007FF72EF173BF]\n\t(No symbol) [0x00007FF72EF3F39C]\n\t(No symbol) [0x00007FF72EF17153]\n\t(No symbol) [0x00007FF72EEE0421]\n\t(No symbol) [0x00007FF72EEE11B3]\n\tGetHandleVerifier [0x00007FF72F3CD6FD+3223453]\n\tGetHandleVerifier [0x00007FF72F3C7CA2+3200322]\n\tGetHandleVerifier [0x00007FF72F3E5AD3+3322739]\n\tGetHandleVerifier [0x00007FF72F0E69FA+180890]\n\tGetHandleVerifier [0x00007FF72F0EE0FF+211359]\n\tGetHandleVerifier [0x00007FF72F0D5274+109332]\n\tGetHandleVerifier [0x00007FF72F0D5422+109762]\n\tGetHandleVerifier [0x00007FF72F0BBA39+4825]\n\tBaseThreadInitThunk [0x00007FFE728F7374+20]\n\tRtlUserThreadStart [0x00007FFE72D1CC91+33]", "trace": "self = <tests.test_order_feed_page.TestOrderFeedPage object at 0x000001E0325D4C30>, login = <selenium.webdriver.chrome.webdriver.WebDriver (session=\"a2697d399c61371d8c3bea363a82bc56\")>\n\n    @allure.title(\"Проверка отображения заказа из истории заказов, в ленте заказов\")\n    def test_display_order_from_history_in_feed(self,login):\n        order_feed = OrderFeedPage(login)\n        order_feed.main_page_loading_wait()\n        order_feed.click_button_personal_account()\n>       order_feed.click_history_order()\n\ntests\\test_order_feed_page.py:24: \n_ _ _ _ _ _ _ _ _ _ _ _ _ _ _ _ _ _ _ _ _ _ _ _ _ _ _ _ _ _ _ _ _ _ _ _ _ _ _ _ _ _ _ _ _ _ _ _ _ _ _ _ _ _ _ _ _ _ _ _ _ _ _ _ _ _ _ _ _ _ _ _ _ _ _ _ _ _ _ _ _ _ _ _ _ _ _ _ _ _ _ _ _ _ _ _ _ _ _ _\npages\\order_feed_page.py:39: in click_history_order\n    self.click_on_element(PersonalAccountLocators.HISTORY_ORDER)\npages\\base_page.py:16: in click_on_element\n    element = self.wait_for_element(locator)\npages\\base_page.py:12: in wait_for_element\n    return WebDriverWait(self.driver, 5).until(EC.visibility_of_element_located(locator))\n_ _ _ _ _ _ _ _ _ _ _ _ _ _ _ _ _ _ _ _ _ _ _ _ _ _ _ _ _ _ _ _ _ _ _ _ _ _ _ _ _ _ _ _ _ _ _ _ _ _ _ _ _ _ _ _ _ _ _ _ _ _ _ _ _ _ _ _ _ _ _ _ _ _ _ _ _ _ _ _ _ _ _ _ _ _ _ _ _ _ _ _ _ _ _ _ _ _ _ _\n\nself = <selenium.webdriver.support.wait.WebDriverWait (session=\"a2697d399c61371d8c3bea363a82bc56\")>, method = <function visibility_of_element_located.<locals>._predicate at 0x000001E02F5A8AE0>\nmessage = ''\n\n    def until(self, method: Callable[[D], Union[Literal[False], T]], message: str = \"\") -> T:\n        \"\"\"Wait until the method returns a value that is not False.\n    \n        Calls the method provided with the driver as an argument until the\n        return value does not evaluate to ``False``.\n    \n        Parameters:\n        -----------\n        method: callable(WebDriver)\n            - A callable object that takes a WebDriver instance as an argument.\n    \n        message: str\n            - Optional message for :exc:`TimeoutException`\n    \n        Return:\n        -------\n        object: T\n            - The result of the last call to `method`\n    \n        Raises:\n        -------\n        TimeoutException\n            - If 'method' does not return a truthy value within the WebDriverWait\n            object's timeout\n    \n        Example:\n        --------\n        >>> from selenium.webdriver.common.by import By\n        >>> from selenium.webdriver.support.ui import WebDriverWait\n        >>> from selenium.webdriver.support import expected_conditions as EC\n    \n        # Wait until an element is visible on the page\n        >>> wait = WebDriverWait(driver, 10)\n        >>> element = wait.until(EC.visibility_of_element_located((By.ID, \"exampleId\")))\n        >>> print(element.text)\n        \"\"\"\n        screen = None\n        stacktrace = None\n    \n        end_time = time.monotonic() + self._timeout\n        while True:\n            try:\n                value = method(self._driver)\n                if value:\n                    return value\n            except self._ignored_exceptions as exc:\n                screen = getattr(exc, \"screen\", None)\n                stacktrace = getattr(exc, \"stacktrace\", None)\n            if time.monotonic() > end_time:\n                break\n            time.sleep(self._poll)\n>       raise TimeoutException(message, screen, stacktrace)\nE       selenium.common.exceptions.TimeoutException: Message: \nE       Stacktrace:\nE       \tGetHandleVerifier [0x00007FF72F0CCF25+75717]\nE       \tGetHandleVerifier [0x00007FF72F0CCF80+75808]\nE       \t(No symbol) [0x00007FF72EE98F9A]\nE       \t(No symbol) [0x00007FF72EEEF4C6]\nE       \t(No symbol) [0x00007FF72EEEF77C]\nE       \t(No symbol) [0x00007FF72EF42577]\nE       \t(No symbol) [0x00007FF72EF173BF]\nE       \t(No symbol) [0x00007FF72EF3F39C]\nE       \t(No symbol) [0x00007FF72EF17153]\nE       \t(No symbol) [0x00007FF72EEE0421]\nE       \t(No symbol) [0x00007FF72EEE11B3]\nE       \tGetHandleVerifier [0x00007FF72F3CD6FD+3223453]\nE       \tGetHandleVerifier [0x00007FF72F3C7CA2+3200322]\nE       \tGetHandleVerifier [0x00007FF72F3E5AD3+3322739]\nE       \tGetHandleVerifier [0x00007FF72F0E69FA+180890]\nE       \tGetHandleVerifier [0x00007FF72F0EE0FF+211359]\nE       \tGetHandleVerifier [0x00007FF72F0D5274+109332]\nE       \tGetHandleVerifier [0x00007FF72F0D5422+109762]\nE       \tGetHandleVerifier [0x00007FF72F0BBA39+4825]\nE       \tBaseThreadInitThunk [0x00007FFE728F7374+20]\nE       \tRtlUserThreadStart [0x00007FFE72D1CC91+33]\n\n.venv\\Lib\\site-packages\\selenium\\webdriver\\support\\wait.py:146: TimeoutException"}, "steps": [{"name": "Дождаться загрузки страницы", "status": "passed", "steps": [{"name": "Подождать пока элемент не станет невидимым", "status": "passed", "parameters": [{"name": "locator", "value": "['xpath', \".//div[contains(@class, 'Modal_modal_overlay__x2ZCr')]/parent::div\"]"}], "start": 1747330371392, "stop": 1747330371915}], "start": 1747330371392, "stop": 1747330371915}, {"name": "Клик по кнопке 'личный кабинет'", "status": "passed", "steps": [{"name": "Кликнуть на элемент", "status": "passed", "steps": [{"name": "Подождать видимости элемента", "status": "passed", "parameters": [{"name": "locator", "value": "['xpath', \".//p[text()='Личный Кабинет']\"]"}], "start": 1747330371916, "stop": 1747330371923}], "parameters": [{"name": "locator", "value": "['xpath', \".//p[text()='Личный Кабинет']\"]"}], "start": 1747330371916, "stop": 1747330371944}], "start": 1747330371916, "stop": 1747330371944}, {"name": "Клик на История заказов", "status": "broken", "statusDetails": {"message": "selenium.common.exceptions.TimeoutException: Message: \nStacktrace:\n\tGetHandleVerifier [0x00007FF72F0CCF25+75717]\n\tGetHandleVerifier [0x00007FF72F0CCF80+75808]\n\t(No symbol) [0x00007FF72EE98F9A]\n\t(No symbol) [0x00007FF72EEEF4C6]\n\t(No symbol) [0x00007FF72EEEF77C]\n\t(No symbol) [0x00007FF72EF42577]\n\t(No symbol) [0x00007FF72EF173BF]\n\t(No symbol) [0x00007FF72EF3F39C]\n\t(No symbol) [0x00007FF72EF17153]\n\t(No symbol) [0x00007FF72EEE0421]\n\t(No symbol) [0x00007FF72EEE11B3]\n\tGetHandleVerifier [0x00007FF72F3CD6FD+3223453]\n\tGetHandleVerifier [0x00007FF72F3C7CA2+3200322]\n\tGetHandleVerifier [0x00007FF72F3E5AD3+3322739]\n\tGetHandleVerifier [0x00007FF72F0E69FA+180890]\n\tGetHandleVerifier [0x00007FF72F0EE0FF+211359]\n\tGetHandleVerifier [0x00007FF72F0D5274+109332]\n\tGetHandleVerifier [0x00007FF72F0D5422+109762]\n\tGetHandleVerifier [0x00007FF72F0BBA39+4825]\n\tBaseThreadInitThunk [0x00007FFE728F7374+20]\n\tRtlUserThreadStart [0x00007FFE72D1CC91+33]\n\n", "trace": "  File \"C:\\Users\\zewer\\PycharmProjects\\Diplom\\Diplom_3\\.venv\\Lib\\site-packages\\allure_commons\\_allure.py\", line 202, in impl\n    return func(*a, **kw)\n  File \"C:\\Users\\zewer\\PycharmProjects\\Diplom\\Diplom_3\\pages\\order_feed_page.py\", line 39, in click_history_order\n    self.click_on_element(PersonalAccountLocators.HISTORY_ORDER)\n    ~~~~~~~~~~~~~~~~~~~~~^^^^^^^^^^^^^^^^^^^^^^^^^^^^^^^^^^^^^^^\n  File \"C:\\Users\\zewer\\PycharmProjects\\Diplom\\Diplom_3\\.venv\\Lib\\site-packages\\allure_commons\\_allure.py\", line 202, in impl\n    return func(*a, **kw)\n  File \"C:\\Users\\zewer\\PycharmProjects\\Diplom\\Diplom_3\\pages\\base_page.py\", line 16, in click_on_element\n    element = self.wait_for_element(locator)\n  File \"C:\\Users\\zewer\\PycharmProjects\\Diplom\\Diplom_3\\.venv\\Lib\\site-packages\\allure_commons\\_allure.py\", line 202, in impl\n    return func(*a, **kw)\n  File \"C:\\Users\\zewer\\PycharmProjects\\Diplom\\Diplom_3\\pages\\base_page.py\", line 12, in wait_for_element\n    return WebDriverWait(self.driver, 5).until(EC.visibility_of_element_located(locator))\n           ~~~~~~~~~~~~~~~~~~~~~~~~~~~~~~~~~~~^^^^^^^^^^^^^^^^^^^^^^^^^^^^^^^^^^^^^^^^^^^\n  File \"C:\\Users\\zewer\\PycharmProjects\\Diplom\\Diplom_3\\.venv\\Lib\\site-packages\\selenium\\webdriver\\support\\wait.py\", line 146, in until\n    raise TimeoutException(message, screen, stacktrace)\n"}, "steps": [{"name": "Кликнуть на элемент", "status": "broken", "statusDetails": {"message": "selenium.common.exceptions.TimeoutException: Message: \nStacktrace:\n\tGetHandleVerifier [0x00007FF72F0CCF25+75717]\n\tGetHandleVerifier [0x00007FF72F0CCF80+75808]\n\t(No symbol) [0x00007FF72EE98F9A]\n\t(No symbol) [0x00007FF72EEEF4C6]\n\t(No symbol) [0x00007FF72EEEF77C]\n\t(No symbol) [0x00007FF72EF42577]\n\t(No symbol) [0x00007FF72EF173BF]\n\t(No symbol) [0x00007FF72EF3F39C]\n\t(No symbol) [0x00007FF72EF17153]\n\t(No symbol) [0x00007FF72EEE0421]\n\t(No symbol) [0x00007FF72EEE11B3]\n\tGetHandleVerifier [0x00007FF72F3CD6FD+3223453]\n\tGetHandleVerifier [0x00007FF72F3C7CA2+3200322]\n\tGetHandleVerifier [0x00007FF72F3E5AD3+3322739]\n\tGetHandleVerifier [0x00007FF72F0E69FA+180890]\n\tGetHandleVerifier [0x00007FF72F0EE0FF+211359]\n\tGetHandleVerifier [0x00007FF72F0D5274+109332]\n\tGetHandleVerifier [0x00007FF72F0D5422+109762]\n\tGetHandleVerifier [0x00007FF72F0BBA39+4825]\n\tBaseThreadInitThunk [0x00007FFE728F7374+20]\n\tRtlUserThreadStart [0x00007FFE72D1CC91+33]\n\n", "trace": "  File \"C:\\Users\\zewer\\PycharmProjects\\Diplom\\Diplom_3\\.venv\\Lib\\site-packages\\allure_commons\\_allure.py\", line 202, in impl\n    return func(*a, **kw)\n  File \"C:\\Users\\zewer\\PycharmProjects\\Diplom\\Diplom_3\\pages\\base_page.py\", line 16, in click_on_element\n    element = self.wait_for_element(locator)\n  File \"C:\\Users\\zewer\\PycharmProjects\\Diplom\\Diplom_3\\.venv\\Lib\\site-packages\\allure_commons\\_allure.py\", line 202, in impl\n    return func(*a, **kw)\n  File \"C:\\Users\\zewer\\PycharmProjects\\Diplom\\Diplom_3\\pages\\base_page.py\", line 12, in wait_for_element\n    return WebDriverWait(self.driver, 5).until(EC.visibility_of_element_located(locator))\n           ~~~~~~~~~~~~~~~~~~~~~~~~~~~~~~~~~~~^^^^^^^^^^^^^^^^^^^^^^^^^^^^^^^^^^^^^^^^^^^\n  File \"C:\\Users\\zewer\\PycharmProjects\\Diplom\\Diplom_3\\.venv\\Lib\\site-packages\\selenium\\webdriver\\support\\wait.py\", line 146, in until\n    raise TimeoutException(message, screen, stacktrace)\n"}, "steps": [{"name": "Подождать видимости элемента", "status": "broken", "statusDetails": {"message": "selenium.common.exceptions.TimeoutException: Message: \nStacktrace:\n\tGetHandleVerifier [0x00007FF72F0CCF25+75717]\n\tGetHandleVerifier [0x00007FF72F0CCF80+75808]\n\t(No symbol) [0x00007FF72EE98F9A]\n\t(No symbol) [0x00007FF72EEEF4C6]\n\t(No symbol) [0x00007FF72EEEF77C]\n\t(No symbol) [0x00007FF72EF42577]\n\t(No symbol) [0x00007FF72EF173BF]\n\t(No symbol) [0x00007FF72EF3F39C]\n\t(No symbol) [0x00007FF72EF17153]\n\t(No symbol) [0x00007FF72EEE0421]\n\t(No symbol) [0x00007FF72EEE11B3]\n\tGetHandleVerifier [0x00007FF72F3CD6FD+3223453]\n\tGetHandleVerifier [0x00007FF72F3C7CA2+3200322]\n\tGetHandleVerifier [0x00007FF72F3E5AD3+3322739]\n\tGetHandleVerifier [0x00007FF72F0E69FA+180890]\n\tGetHandleVerifier [0x00007FF72F0EE0FF+211359]\n\tGetHandleVerifier [0x00007FF72F0D5274+109332]\n\tGetHandleVerifier [0x00007FF72F0D5422+109762]\n\tGetHandleVerifier [0x00007FF72F0BBA39+4825]\n\tBaseThreadInitThunk [0x00007FFE728F7374+20]\n\tRtlUserThreadStart [0x00007FFE72D1CC91+33]\n\n", "trace": "  File \"C:\\Users\\zewer\\PycharmProjects\\Diplom\\Diplom_3\\.venv\\Lib\\site-packages\\allure_commons\\_allure.py\", line 202, in impl\n    return func(*a, **kw)\n  File \"C:\\Users\\zewer\\PycharmProjects\\Diplom\\Diplom_3\\pages\\base_page.py\", line 12, in wait_for_element\n    return WebDriverWait(self.driver, 5).until(EC.visibility_of_element_located(locator))\n           ~~~~~~~~~~~~~~~~~~~~~~~~~~~~~~~~~~~^^^^^^^^^^^^^^^^^^^^^^^^^^^^^^^^^^^^^^^^^^^\n  File \"C:\\Users\\zewer\\PycharmProjects\\Diplom\\Diplom_3\\.venv\\Lib\\site-packages\\selenium\\webdriver\\support\\wait.py\", line 146, in until\n    raise TimeoutException(message, screen, stacktrace)\n"}, "parameters": [{"name": "locator", "value": "['xpath', \".//a[text()='История заказов']\"]"}], "start": 1747330371944, "stop": 1747330377009}], "parameters": [{"name": "locator", "value": "['xpath', \".//a[text()='История заказов']\"]"}], "start": 1747330371944, "stop": 1747330377009}], "start": 1747330371944, "stop": 1747330377010}], "parameters": [{"name": "driver", "value": "'chrome'"}], "start": 1747330371392, "stop": 1747330377011, "uuid": "b9c362ad-9ea3-443d-b4ec-6eb94ed2fa3d", "historyId": "4fa5aaa33ffb0f4d75009ad7f11d6dd1", "testCaseId": "c44b8d39412ec248ae0ed2396b9e280b", "fullName": "tests.test_order_feed_page.TestOrderFeedPage#test_display_order_from_history_in_feed", "labels": [{"name": "parentSuite", "value": "tests"}, {"name": "suite", "value": "test_order_feed_page"}, {"name": "subSuite", "value": "TestOrderFeedPage"}, {"name": "host", "value": "DESKTOP-B0AK6U5"}, {"name": "thread", "value": "7868-MainThread"}, {"name": "framework", "value": "pytest"}, {"name": "language", "value": "cpython3"}, {"name": "package", "value": "tests.test_order_feed_page"}]}