{"name": "Проверка оформления заказа", "status": "broken", "statusDetails": {"message": "selenium.common.exceptions.TimeoutException: Message:", "trace": "self = <tests.test_main_page.TestMainPage object at 0x000001E032596030>, login = <selenium.webdriver.chrome.webdriver.WebDriver (session=\"e13f18cf5016c77b4cda1eceafdaf0f1\")>\n\n    @allure.title(\"Проверка оформления заказа\")\n    def test_place_order(self, login):\n        main_page = MainPage(login)\n        main_page.main_page_loading_wait()\n        main_page.put_ingredient_into_basket()\n        main_page.click_button_place_order()\n>       assert main_page.check_text_popup_order(DataMainPage.TEXT_POPUP_ORDER)\n\ntests\\test_main_page.py:55: \n_ _ _ _ _ _ _ _ _ _ _ _ _ _ _ _ _ _ _ _ _ _ _ _ _ _ _ _ _ _ _ _ _ _ _ _ _ _ _ _ _ _ _ _ _ _ _ _ _ _ _ _ _ _ _ _ _ _ _ _ _ _ _ _ _ _ _ _ _ _ _ _ _ _ _ _ _ _ _ _ _ _ _ _ _ _ _ _ _ _ _ _ _ _ _ _ _ _ _ _\npages\\main_page.py:60: in check_text_popup_order\n    actual_text = self.get_text_on_element(MainPageLocators.LABEL_STARTED_COOKING)\npages\\base_page.py:41: in get_text_on_element\n    element = self.wait_for_element(locator)\npages\\base_page.py:12: in wait_for_element\n    return WebDriverWait(self.driver, 5).until(EC.visibility_of_element_located(locator))\n_ _ _ _ _ _ _ _ _ _ _ _ _ _ _ _ _ _ _ _ _ _ _ _ _ _ _ _ _ _ _ _ _ _ _ _ _ _ _ _ _ _ _ _ _ _ _ _ _ _ _ _ _ _ _ _ _ _ _ _ _ _ _ _ _ _ _ _ _ _ _ _ _ _ _ _ _ _ _ _ _ _ _ _ _ _ _ _ _ _ _ _ _ _ _ _ _ _ _ _\n\nself = <selenium.webdriver.support.wait.WebDriverWait (session=\"e13f18cf5016c77b4cda1eceafdaf0f1\")>, method = <function visibility_of_element_located.<locals>._predicate at 0x000001E032611B20>\nmessage = ''\n\n    def until(self, method: Callable[[D], Union[Literal[False], T]], message: str = \"\") -> T:\n        \"\"\"Wait until the method returns a value that is not False.\n    \n        Calls the method provided with the driver as an argument until the\n        return value does not evaluate to ``False``.\n    \n        Parameters:\n        -----------\n        method: callable(WebDriver)\n            - A callable object that takes a WebDriver instance as an argument.\n    \n        message: str\n            - Optional message for :exc:`TimeoutException`\n    \n        Return:\n        -------\n        object: T\n            - The result of the last call to `method`\n    \n        Raises:\n        -------\n        TimeoutException\n            - If 'method' does not return a truthy value within the WebDriverWait\n            object's timeout\n    \n        Example:\n        --------\n        >>> from selenium.webdriver.common.by import By\n        >>> from selenium.webdriver.support.ui import WebDriverWait\n        >>> from selenium.webdriver.support import expected_conditions as EC\n    \n        # Wait until an element is visible on the page\n        >>> wait = WebDriverWait(driver, 10)\n        >>> element = wait.until(EC.visibility_of_element_located((By.ID, \"exampleId\")))\n        >>> print(element.text)\n        \"\"\"\n        screen = None\n        stacktrace = None\n    \n        end_time = time.monotonic() + self._timeout\n        while True:\n            try:\n                value = method(self._driver)\n                if value:\n                    return value\n            except self._ignored_exceptions as exc:\n                screen = getattr(exc, \"screen\", None)\n                stacktrace = getattr(exc, \"stacktrace\", None)\n            if time.monotonic() > end_time:\n                break\n            time.sleep(self._poll)\n>       raise TimeoutException(message, screen, stacktrace)\nE       selenium.common.exceptions.TimeoutException: Message:\n\n.venv\\Lib\\site-packages\\selenium\\webdriver\\support\\wait.py:146: TimeoutException"}, "steps": [{"name": "Дождаться загрузки страницы", "status": "passed", "steps": [{"name": "Подождать пока элемент не станет невидимым", "status": "passed", "parameters": [{"name": "locator", "value": "['xpath', \".//div[contains(@class, 'Modal_modal_overlay__x2ZCr')]/parent::div\"]"}], "start": 1747330336790, "stop": 1747330337314}], "start": 1747330336789, "stop": 1747330337314}, {"name": "Перетащить элемент в корзину", "status": "passed", "steps": [{"name": "Подождать видимости элемента", "status": "passed", "parameters": [{"name": "locator", "value": "['xpath', \".//a[@class='BurgerIngredient_ingredient__1TVf6 ml-4 mr-4 mb-8']\"]"}], "start": 1747330337314, "stop": 1747330337323}, {"name": "Подождать видимости элемента", "status": "passed", "parameters": [{"name": "locator", "value": "['xpath', \".//ul[@class='BurgerConstructor_basket__list__l9dp_']\"]"}], "start": 1747330337323, "stop": 1747330337332}, {"name": "Перетащить элемент", "status": "passed", "parameters": [{"name": "source", "value": "<selenium.webdriver.remote.webelement.WebElement (session=\"e13f18cf5016c77b4cda1eceafdaf0f1\", element=\"f.8232C12FFFD0A87C585D143DB1BA60FF.d.23AA207E7FA5A772EEF2384E77456776.e.96\")>"}, {"name": "target", "value": "<selenium.webdriver.remote.webelement.WebElement (session=\"e13f18cf5016c77b4cda1eceafdaf0f1\", element=\"f.8232C12FFFD0A87C585D143DB1BA60FF.d.23AA207E7FA5A772EEF2384E77456776.e.97\")>"}], "start": 1747330337333, "stop": 1747330337340}], "start": 1747330337314, "stop": 1747330337340}, {"name": "Клик на кнопку Оформить заказ", "status": "passed", "steps": [{"name": "Кликнуть на элемент", "status": "passed", "steps": [{"name": "Подождать видимости элемента", "status": "passed", "parameters": [{"name": "locator", "value": "['xpath', \".//button[text()='Оформить заказ']\"]"}], "start": 1747330337340, "stop": 1747330337350}], "parameters": [{"name": "locator", "value": "['xpath', \".//button[text()='Оформить заказ']\"]"}], "start": 1747330337340, "stop": 1747330337373}], "start": 1747330337340, "stop": 1747330337373}, {"name": "Сравни текст в окне ", "status": "broken", "statusDetails": {"message": "selenium.common.exceptions.TimeoutException: Message: \n\n", "trace": "  File \"C:\\Users\\zewer\\PycharmProjects\\Diplom\\Diplom_3\\.venv\\Lib\\site-packages\\allure_commons\\_allure.py\", line 202, in impl\n    return func(*a, **kw)\n  File \"C:\\Users\\zewer\\PycharmProjects\\Diplom\\Diplom_3\\pages\\main_page.py\", line 60, in check_text_popup_order\n    actual_text = self.get_text_on_element(MainPageLocators.LABEL_STARTED_COOKING)\n  File \"C:\\Users\\zewer\\PycharmProjects\\Diplom\\Diplom_3\\.venv\\Lib\\site-packages\\allure_commons\\_allure.py\", line 202, in impl\n    return func(*a, **kw)\n  File \"C:\\Users\\zewer\\PycharmProjects\\Diplom\\Diplom_3\\pages\\base_page.py\", line 41, in get_text_on_element\n    element = self.wait_for_element(locator)\n  File \"C:\\Users\\zewer\\PycharmProjects\\Diplom\\Diplom_3\\.venv\\Lib\\site-packages\\allure_commons\\_allure.py\", line 202, in impl\n    return func(*a, **kw)\n  File \"C:\\Users\\zewer\\PycharmProjects\\Diplom\\Diplom_3\\pages\\base_page.py\", line 12, in wait_for_element\n    return WebDriverWait(self.driver, 5).until(EC.visibility_of_element_located(locator))\n           ~~~~~~~~~~~~~~~~~~~~~~~~~~~~~~~~~~~^^^^^^^^^^^^^^^^^^^^^^^^^^^^^^^^^^^^^^^^^^^\n  File \"C:\\Users\\zewer\\PycharmProjects\\Diplom\\Diplom_3\\.venv\\Lib\\site-packages\\selenium\\webdriver\\support\\wait.py\", line 146, in until\n    raise TimeoutException(message, screen, stacktrace)\n"}, "steps": [{"name": "Получить текст элемента", "status": "broken", "statusDetails": {"message": "selenium.common.exceptions.TimeoutException: Message: \n\n", "trace": "  File \"C:\\Users\\zewer\\PycharmProjects\\Diplom\\Diplom_3\\.venv\\Lib\\site-packages\\allure_commons\\_allure.py\", line 202, in impl\n    return func(*a, **kw)\n  File \"C:\\Users\\zewer\\PycharmProjects\\Diplom\\Diplom_3\\pages\\base_page.py\", line 41, in get_text_on_element\n    element = self.wait_for_element(locator)\n  File \"C:\\Users\\zewer\\PycharmProjects\\Diplom\\Diplom_3\\.venv\\Lib\\site-packages\\allure_commons\\_allure.py\", line 202, in impl\n    return func(*a, **kw)\n  File \"C:\\Users\\zewer\\PycharmProjects\\Diplom\\Diplom_3\\pages\\base_page.py\", line 12, in wait_for_element\n    return WebDriverWait(self.driver, 5).until(EC.visibility_of_element_located(locator))\n           ~~~~~~~~~~~~~~~~~~~~~~~~~~~~~~~~~~~^^^^^^^^^^^^^^^^^^^^^^^^^^^^^^^^^^^^^^^^^^^\n  File \"C:\\Users\\zewer\\PycharmProjects\\Diplom\\Diplom_3\\.venv\\Lib\\site-packages\\selenium\\webdriver\\support\\wait.py\", line 146, in until\n    raise TimeoutException(message, screen, stacktrace)\n"}, "steps": [{"name": "Подождать видимости элемента", "status": "broken", "statusDetails": {"message": "selenium.common.exceptions.TimeoutException: Message: \n\n", "trace": "  File \"C:\\Users\\zewer\\PycharmProjects\\Diplom\\Diplom_3\\.venv\\Lib\\site-packages\\allure_commons\\_allure.py\", line 202, in impl\n    return func(*a, **kw)\n  File \"C:\\Users\\zewer\\PycharmProjects\\Diplom\\Diplom_3\\pages\\base_page.py\", line 12, in wait_for_element\n    return WebDriverWait(self.driver, 5).until(EC.visibility_of_element_located(locator))\n           ~~~~~~~~~~~~~~~~~~~~~~~~~~~~~~~~~~~^^^^^^^^^^^^^^^^^^^^^^^^^^^^^^^^^^^^^^^^^^^\n  File \"C:\\Users\\zewer\\PycharmProjects\\Diplom\\Diplom_3\\.venv\\Lib\\site-packages\\selenium\\webdriver\\support\\wait.py\", line 146, in until\n    raise TimeoutException(message, screen, stacktrace)\n"}, "parameters": [{"name": "locator", "value": "['xpath', \".//p[@class='undefined text text_type_main-small mb-2']\"]"}], "start": 1747330337374, "stop": 1747330342471}], "parameters": [{"name": "locator", "value": "['xpath', \".//p[@class='undefined text text_type_main-small mb-2']\"]"}], "start": 1747330337374, "stop": 1747330342472}], "parameters": [{"name": "text", "value": "'Ваш заказ начали готовить'"}], "start": 1747330337374, "stop": 1747330342473}], "parameters": [{"name": "driver", "value": "'chrome'"}], "start": 1747330336789, "stop": 1747330342474, "uuid": "1f8719f3-f27e-4e0d-8971-918f64e31262", "historyId": "cb2cfd9d4850dfb601d418dba3ef47c3", "testCaseId": "6d3b559ff5a66a819a9d3a7ae343c6ba", "fullName": "tests.test_main_page.TestMainPage#test_place_order", "labels": [{"name": "parentSuite", "value": "tests"}, {"name": "suite", "value": "test_main_page"}, {"name": "subSuite", "value": "TestMainPage"}, {"name": "host", "value": "DESKTOP-B0AK6U5"}, {"name": "thread", "value": "7868-MainThread"}, {"name": "framework", "value": "pytest"}, {"name": "language", "value": "cpython3"}, {"name": "package", "value": "tests.test_main_page"}]}